<?xml version="1.0" encoding="UTF-8"?>
<testng-results ignored="0" total="1" passed="1" failed="0" skipped="0">
  <reporter-output>
  </reporter-output>
  <suite started-at="2024-10-09T21:54:54 IST" name="Default suite" finished-at="2024-10-09T21:55:04 IST" duration-ms="9905">
    <groups>
      <group name="cucumber">
        <method signature="AbstractTestNGCucumberTests.runScenario(io.cucumber.testng.PickleWrapper,io.cucumber.testng.FeatureWrapper)[pri:0, instance:runners.MyTestNGRunner@7d9d0818]" name="runScenario" class="io.cucumber.testng.AbstractTestNGCucumberTests"/>
      </group> <!-- cucumber -->
    </groups>
    <test started-at="2024-10-09T21:54:54 IST" name="Default test" finished-at="2024-10-09T21:55:04 IST" duration-ms="9905">
      <class name="runners.MyTestNGRunner">
        <test-method is-config="true" signature="setUpClass(org.testng.ITestContext)[pri:0, instance:runners.MyTestNGRunner@7d9d0818]" started-at="2024-10-09T21:54:54 IST" name="setUpClass" finished-at="2024-10-09T21:55:01 IST" duration-ms="6673" status="PASS">
          <params>
            <param index="0">
              <value>
                <![CDATA[org.testng.TestRunner@489091bd]]>
              </value>
            </param>
          </params>
          <reporter-output>
          </reporter-output>
        </test-method> <!-- setUpClass -->
        <test-method signature="runScenario(io.cucumber.testng.PickleWrapper,io.cucumber.testng.FeatureWrapper)[pri:0, instance:runners.MyTestNGRunner@7d9d0818]" started-at="2024-10-09T21:55:01 IST" name="runScenario" description="Runs Cucumber Scenarios" data-provider="scenarios" finished-at="2024-10-09T21:55:04 IST" duration-ms="2774" status="PASS">
          <params>
            <param index="0">
              <value>
                <![CDATA["Login with Valid username and valid password"]]>
              </value>
            </param>
            <param index="1">
              <value>
                <![CDATA["Login test cases for Orange HRM Application."]]>
              </value>
            </param>
          </params>
          <reporter-output>
          </reporter-output>
        </test-method> <!-- runScenario -->
        <test-method is-config="true" signature="tearDownClass()[pri:0, instance:runners.MyTestNGRunner@7d9d0818]" started-at="2024-10-09T21:55:04 IST" name="tearDownClass" finished-at="2024-10-09T21:55:04 IST" duration-ms="374" status="PASS">
          <reporter-output>
          </reporter-output>
        </test-method> <!-- tearDownClass -->
      </class> <!-- runners.MyTestNGRunner -->
    </test> <!-- Default test -->
  </suite> <!-- Default suite -->
</testng-results>
